app/build/intermediates/manifest_merge_blame_file/debug/manifest-merger-blame-debug-report.txt
1<?xml version="1.0" encoding="utf-8"?>
2<manifest xmlns:android="http://schemas.android.com/apk/res/android"
3    package="com.example.android.trackmysleepquality"
4    android:versionCode="1"
5    android:versionName="1.0" >
6
7    <uses-sdk
8        android:minSdkVersion="19"
8-->src\main\AndroidManifest.xml
9        android:targetSdkVersion="30" />
9-->src\main\AndroidManifest.xml
10
11    <uses-permission android:name="android.permission.REORDER_TASKS" />
11-->[androidx.test:core:1.5.0] AndroidManifest.xml:24:5-72
11-->[androidx.test:core:1.5.0] AndroidManifest.xml:24:22-69
12
13    <application
13-->src\main\AndroidManifest.xml:5:5-22:19
14        android:allowBackup="true"
14-->src\main\AndroidManifest.xml:6:9-35
15        android:appComponentFactory="androidx.core.app.CoreComponentFactory"
15-->[androidx.core:core:1.3.1] AndroidManifest.xml:24:18-86
16        android:debuggable="true"
17        android:icon="@mipmap/ic_launcher_sleep_tracker"
17-->src\main\AndroidManifest.xml:7:9-57
18        android:label="@string/app_name"
18-->src\main\AndroidManifest.xml:8:9-41
19        android:roundIcon="@mipmap/ic_launcher_sleep_tracker_round"
19-->src\main\AndroidManifest.xml:9:9-68
20        android:supportsRtl="true"
20-->src\main\AndroidManifest.xml:10:9-35
21        android:testOnly="true"
22        android:theme="@style/AppTheme" >
22-->src\main\AndroidManifest.xml:11:9-40
23        <activity android:name="com.example.android.trackmysleepquality.MainActivity" >
23-->src\main\AndroidManifest.xml:12:9-18:20
23-->src\main\AndroidManifest.xml:12:19-47
24            <intent-filter>
24-->src\main\AndroidManifest.xml:13:13-17:29
25                <action android:name="android.intent.action.MAIN" />
25-->src\main\AndroidManifest.xml:14:17-69
25-->src\main\AndroidManifest.xml:14:25-66
26
27                <category android:name="android.intent.category.LAUNCHER" />
27-->src\main\AndroidManifest.xml:16:17-77
27-->src\main\AndroidManifest.xml:16:27-74
28            </intent-filter>
29        </activity>
30
31        <meta-data
31-->src\main\AndroidManifest.xml:19:9-21:57
32            android:name="preloaded_fonts"
32-->src\main\AndroidManifest.xml:20:13-43
33            android:resource="@array/preloaded_fonts" />
33-->src\main\AndroidManifest.xml:21:13-54
34
35        <service
35-->[androidx.room:room-runtime:2.2.5] AndroidManifest.xml:25:9-28:40
36            android:name="androidx.room.MultiInstanceInvalidationService"
36-->[androidx.room:room-runtime:2.2.5] AndroidManifest.xml:26:13-74
37            android:directBootAware="true"
37-->[androidx.room:room-runtime:2.2.5] AndroidManifest.xml:27:13-43
38            android:exported="false" />
38-->[androidx.room:room-runtime:2.2.5] AndroidManifest.xml:28:13-37
39
40        <provider
40-->[androidx.lifecycle:lifecycle-process:2.2.0] AndroidManifest.xml:25:9-29:43
41            android:name="androidx.lifecycle.ProcessLifecycleOwnerInitializer"
41-->[androidx.lifecycle:lifecycle-process:2.2.0] AndroidManifest.xml:26:13-79
42            android:authorities="com.example.android.trackmysleepquality.lifecycle-process"
42-->[androidx.lifecycle:lifecycle-process:2.2.0] AndroidManifest.xml:27:13-69
43            android:exported="false"
43-->[androidx.lifecycle:lifecycle-process:2.2.0] AndroidManifest.xml:28:13-37
44            android:multiprocess="true" />
44-->[androidx.lifecycle:lifecycle-process:2.2.0] AndroidManifest.xml:29:13-40
45
46        <activity
46-->[androidx.test:core:1.5.0] AndroidManifest.xml:27:9-34:20
47            android:name="androidx.test.core.app.InstrumentationActivityInvoker$BootstrapActivity"
47-->[androidx.test:core:1.5.0] AndroidManifest.xml:28:13-99
48            android:exported="true"
48-->[androidx.test:core:1.5.0] AndroidManifest.xml:29:13-36
49            android:theme="@style/WhiteBackgroundTheme" >
49-->[androidx.test:core:1.5.0] AndroidManifest.xml:30:13-56
50            <intent-filter android:priority="-100" >
50-->[androidx.test:core:1.5.0] AndroidManifest.xml:31:13-33:29
50-->[androidx.test:core:1.5.0] AndroidManifest.xml:31:28-51
51                <category android:name="android.intent.category.LAUNCHER" />
51-->src\main\AndroidManifest.xml:16:17-77
51-->src\main\AndroidManifest.xml:16:27-74
52            </intent-filter>
53        </activity>
54        <activity
54-->[androidx.test:core:1.5.0] AndroidManifest.xml:35:9-42:20
55            android:name="androidx.test.core.app.InstrumentationActivityInvoker$EmptyActivity"
55-->[androidx.test:core:1.5.0] AndroidManifest.xml:36:13-95
56            android:exported="true"
56-->[androidx.test:core:1.5.0] AndroidManifest.xml:37:13-36
57            android:theme="@style/WhiteBackgroundTheme" >
57-->[androidx.test:core:1.5.0] AndroidManifest.xml:38:13-56
58            <intent-filter android:priority="-100" >
58-->[androidx.test:core:1.5.0] AndroidManifest.xml:31:13-33:29
58-->[androidx.test:core:1.5.0] AndroidManifest.xml:31:28-51
59                <category android:name="android.intent.category.LAUNCHER" />
59-->src\main\AndroidManifest.xml:16:17-77
59-->src\main\AndroidManifest.xml:16:27-74
60            </intent-filter>
61        </activity>
62        <activity
62-->[androidx.test:core:1.5.0] AndroidManifest.xml:43:9-50:20
63            android:name="androidx.test.core.app.InstrumentationActivityInvoker$EmptyFloatingActivity"
63-->[androidx.test:core:1.5.0] AndroidManifest.xml:44:13-103
64            android:exported="true"
64-->[androidx.test:core:1.5.0] AndroidManifest.xml:45:13-36
65            android:theme="@style/WhiteBackgroundDialogTheme" >
65-->[androidx.test:core:1.5.0] AndroidManifest.xml:46:13-62
66            <intent-filter android:priority="-100" >
66-->[androidx.test:core:1.5.0] AndroidManifest.xml:31:13-33:29
66-->[androidx.test:core:1.5.0] AndroidManifest.xml:31:28-51
67                <category android:name="android.intent.category.LAUNCHER" />
67-->src\main\AndroidManifest.xml:16:17-77
67-->src\main\AndroidManifest.xml:16:27-74
68            </intent-filter>
69        </activity>
70    </application>
71
72</manifest>